<?xml version="1.0" encoding="UTF-8"?>
<!-- Generated by org.testng.reporters.JUnitXMLReporter -->
<testsuite ignored="0" hostname="GS-2657" failures="0" tests="3" name="Default test" time="15.141" errors="0" timestamp="2020-07-21T12:53:05 IST">
  <testcase classname="com.json.json.DDTUsingJSON" name="login" time="6.693"/>
  <testcase classname="com.json.json.DDTUsingJSON" name="login" time="2.825"/>
  <testcase classname="com.json.json.DDTUsingJSON" name="login" time="2.345"/>
</testsuite> <!-- Default test -->
