<?xml version="1.0" encoding="UTF-8"?>
<testng-results ignored="0" total="3" passed="3" failed="0" skipped="0">
  <reporter-output>
  </reporter-output>
  <suite started-at="2020-07-21T12:52:50 IST" name="Default suite" finished-at="2020-07-21T12:53:05 IST" duration-ms="15141">
    <groups>
    </groups>
    <test started-at="2020-07-21T12:52:50 IST" name="Default test" finished-at="2020-07-21T12:53:05 IST" duration-ms="15141">
      <class name="com.json.json.DDTUsingJSON">
        <test-method is-config="true" signature="setup()[pri:0, instance:com.json.json.DDTUsingJSON@1ffe63b9]" started-at="2020-07-21T12:52:50 IST" name="setup" finished-at="2020-07-21T12:52:53 IST" duration-ms="3151" status="PASS">
          <reporter-output>
          </reporter-output>
        </test-method> <!-- setup -->
        <test-method signature="login(java.lang.String)[pri:0, instance:com.json.json.DDTUsingJSON@1ffe63b9]" started-at="2020-07-21T12:52:53 IST" name="login" data-provider="dp" finished-at="2020-07-21T12:53:00 IST" duration-ms="6693" status="PASS">
          <params>
            <param index="0">
              <value>
                <![CDATA[abc@gmail.com,Test@123]]>
              </value>
            </param>
          </params>
          <reporter-output>
          </reporter-output>
        </test-method> <!-- login -->
        <test-method signature="login(java.lang.String)[pri:0, instance:com.json.json.DDTUsingJSON@1ffe63b9]" started-at="2020-07-21T12:53:00 IST" name="login" data-provider="dp" finished-at="2020-07-21T12:53:02 IST" duration-ms="2825" status="PASS">
          <params>
            <param index="0">
              <value>
                <![CDATA[xyz@gmail.com,Test@12]]>
              </value>
            </param>
          </params>
          <reporter-output>
          </reporter-output>
        </test-method> <!-- login -->
        <test-method signature="login(java.lang.String)[pri:0, instance:com.json.json.DDTUsingJSON@1ffe63b9]" started-at="2020-07-21T12:53:02 IST" name="login" data-provider="dp" finished-at="2020-07-21T12:53:05 IST" duration-ms="2345" status="PASS">
          <params>
            <param index="0">
              <value>
                <![CDATA[pqr@gmail.com,Test@123]]>
              </value>
            </param>
          </params>
          <reporter-output>
          </reporter-output>
        </test-method> <!-- login -->
        <test-method is-config="true" signature="teardown()[pri:0, instance:com.json.json.DDTUsingJSON@1ffe63b9]" started-at="2020-07-21T12:53:05 IST" name="teardown" finished-at="2020-07-21T12:53:05 IST" duration-ms="75" status="PASS">
          <reporter-output>
          </reporter-output>
        </test-method> <!-- teardown -->
      </class> <!-- com.json.json.DDTUsingJSON -->
    </test> <!-- Default test -->
  </suite> <!-- Default suite -->
</testng-results>
